[2023-10-12T06:48:42.130301+00:00] paymentApi.CRITICAL: Not found. [] []
[2023-10-12T08:42:46.508052+00:00] app.INFO: test info logging {"message":"test context","line":32} []
[2023-10-12T08:55:55.623333+00:00] app.INFO: test info logging {"message":"test context","line":32} []
[2023-10-12T08:55:55.791223+00:00] paymentApi.ALERT: Database exception message: Couldn't create the connection with the database [] []
[2023-10-12T09:22:25.247810+00:00] app.INFO: test info logging {"message":"test context","line":32} []
[2023-10-12T09:22:25.351254+00:00] paymentApi.CRITICAL: Database exception message: Couldn't create the connection with the database [] []
[2023-10-12T09:26:55.464164+00:00] app.INFO: test info logging {"message":"test context","line":32} []
CRITICAL | 2023-10-12, 09:26:55 > Database exception message: Couldn't create the connection with the database | [] []
 CRITICAL | 2023-10-12, 10:58:06 > Not found. | [] []
 CRITICAL | 2023-10-12, 11:00:26 > Not found. | [] []
 CRITICAL | 2023-10-12, 11:17:07 > Not found. | [] []
 INFO | 2023-10-12, 12:00:15 > Fetched records | {"records":[{"PaymentApi\\Models\\PaymentMethods":[]}]} []
 INFO | 2023-10-12, 12:07:16 > Fetched records | {"records":[{"PaymentApi\\Models\\PaymentMethods":[]}]} []
 CRITICAL | 2023-10-12, 16:10:04 > An exception occurred while executing a query: SQLSTATE[23000]: Integrity constraint violation: 1062 Duplicate entry '' for key 'UNIQ_4FABF9835E237E06' | [] []
 CRITICAL | 2023-10-12, 16:10:32 > An exception occurred while executing a query: SQLSTATE[23000]: Integrity constraint violation: 1062 Duplicate entry '' for key 'UNIQ_4FABF9835E237E06' | [] []
 CRITICAL | 2023-10-13, 12:11:39 > Not found. | [] []
 CRITICAL | 2023-10-13, 12:11:54 > Not found. | [] []
 CRITICAL | 2023-10-13, 12:14:30 > Not found. | [] []
 CRITICAL | 2023-10-13, 12:38:41 > Not found. | [] []
 CRITICAL | 2023-10-13, 12:39:21 > Not found. | [] []
 CRITICAL | 2023-10-13, 12:39:57 > Not found. | [] []
 CRITICAL | 2023-10-13, 12:41:35 > Not found. | [] []
 CRITICAL | 2023-10-13, 14:06:09 > No paymentMethods found | {"type":"/errors/no_paymentMethods_found","title":"The list of paymentMethods","status":404,"detail":0,"instance":"/v1/paymentMethods"} []
 CRITICAL | 2023-10-14, 11:20:48 > An exception occurred while executing a query: SQLSTATE[23000]: Integrity constraint violation: 1048 Column 'transaction_date' cannot be null | [] []
 CRITICAL | 2023-10-14, 11:22:37 > An exception occurred while executing a query: SQLSTATE[23000]: Integrity constraint violation: 1048 Column 'transaction_date' cannot be null | [] []
 CRITICAL | 2023-10-14, 11:48:01 > Could not convert PHP value '2023-10-14 11:47:58' to type datetime. Expected one of the following types: null, DateTime, DateTimeImmutable | [] []
 CRITICAL | 2023-10-14, 11:50:43 > Could not convert PHP value '2023-10-14 11:50:40' to type datetime. Expected one of the following types: null, DateTime, DateTimeImmutable | [] []
 CRITICAL | 2023-10-14, 11:56:44 > Could not convert PHP value '2023-10-14 11:56:40' to type date. Expected one of the following types: null, DateTime | [] []
 CRITICAL | 2023-10-14, 11:58:32 > Could not convert PHP value '2023-10-14 11:58:29' to type date. Expected one of the following types: null, DateTime | [] []
 CRITICAL | 2023-10-14, 12:00:04 > An exception occurred while executing a query: SQLSTATE[22001]: String data, right truncated: 1406 Data too long for column 'transaction_date' at row 1 | [] []
 CRITICAL | 2023-10-14, 13:01:01 > Not found. | [] []
 CRITICAL | 2023-10-14, 13:01:14 > Not found. | [] []
 CRITICAL | 2023-10-14, 13:04:37 > Not found. | [] []
 CRITICAL | 2023-10-14, 13:06:23 > Not found. | [] []
 CRITICAL | 2023-10-14, 13:13:24 > Not found. | [] []
 CRITICAL | 2023-10-14, 13:15:21 > Not found. | [] []
 CRITICAL | 2023-10-14, 13:21:17 > Not found. | [] []
 CRITICAL | 2023-10-14, 13:25:16 > Not found. | [] []
 CRITICAL | 2023-10-14, 13:30:52 > Not found. | [] []
 CRITICAL | 2023-10-14, 13:32:02 > Not found. | [] []
 CRITICAL | 2023-10-14, 13:32:35 > Not found. | [] []
 CRITICAL | 2023-10-14, 13:42:12 > Not found. | [] []
 CRITICAL | 2023-10-16, 10:46:31 > Not found. | [] []
 CRITICAL | 2023-10-17, 07:01:35 > Not found. | [] []
 CRITICAL | 2023-10-17, 07:02:57 > Not found. | [] []
 CRITICAL | 2023-10-17, 07:04:46 > Not found. | [] []
 CRITICAL | 2023-10-17, 07:07:22 > Not found. | [] []
 CRITICAL | 2023-10-17, 07:48:03 > Not found. | [] []
 CRITICAL | 2023-10-17, 07:48:29 > Not found. | [] []
 CRITICAL | 2023-10-17, 07:59:13 > Not found. | [] []
 [2023-10-17T08:01:16.610225+00:00] paymentApi.CRITICAL: Not found. [] []
[2023-10-17T08:05:02.569039+00:00] paymentApi.CRITICAL: Not found. [] []
[2023-10-17T08:10:05.117239+00:00] paymentApi.CRITICAL: Not found. [] []
[2023-10-17T08:13:22.439235+00:00] paymentApi.CRITICAL: Not found. [] []
[2023-10-17T08:21:13.720898+00:00] paymentApi.CRITICAL: Not found. [] []
[2023-10-17T08:40:55.119137+00:00] paymentApi.CRITICAL: Not found. [] []
CRITICAL | 2023-10-17, 08:44:52 > Not found. | [] []
 CRITICAL | 2023-10-17, 08:45:04 > Not found. | [] []
 CRITICAL | 2023-10-17, 08:45:43 > Not found. | [] []
 CRITICAL | 2023-10-17, 08:45:51 > Not found. | [] []
 CRITICAL | 2023-10-17, 08:45:55 > Not found. | [] []
 CRITICAL | 2023-10-17, 08:46:07 > Not found. | [] []
 CRITICAL | 2023-10-17, 10:50:49 > Not found. | [] []
 CRITICAL | 2023-10-17, 10:50:57 > Not found. | [] []
 CRITICAL | 2023-10-17, 10:51:01 > Not found. | [] []
 CRITICAL | 2023-10-17, 11:09:26 > Not found. | [] []
 CRITICAL | 2023-10-17, 11:09:34 > Not found. | [] []
 CRITICAL | 2023-10-17, 09:10:00 > Not found. | [] []
 CRITICAL | 2023-10-17, 09:10:46 > Not found. | [] []
 CRITICAL | 2023-10-17, 11:12:40 > Not found. | [] []
 CRITICAL | 2023-10-17, 11:20:52 > Not found. | [] []
 CRITICAL | 2023-10-17, 11:20:58 > Not found. | [] []
 CRITICAL | 2023-10-17, 11:28:39 > Not found. | [] []
 CRITICAL | 2023-10-17, 11:29:43 > Not found. | [] []
 CRITICAL | 2023-10-17, 09:31:18 > Not found. | [] []
 CRITICAL | 2023-10-17, 11:32:27 > Not found. | [] []
 CRITICAL | 2023-10-17, 11:32:35 > Not found. | [] []
 CRITICAL | 2023-10-17, 11:32:36 > Not found. | [] []
 CRITICAL | 2023-10-17, 11:37:15 > Not found. | [] []
 CRITICAL | 2023-10-17, 09:40:52 > Not found. | [] []
 CRITICAL | 2023-10-17, 09:41:09 > Not found. | [] []
 CRITICAL | 2023-10-17, 09:43:07 > Not found. | [] []
 CRITICAL | 2023-10-17, 12:13:49 > Not found. | [] []
 CRITICAL | 2023-10-17, 12:13:56 > Not found. | [] []
 CRITICAL | 2023-10-17, 12:13:56 > Not found. | [] []
 CRITICAL | 2023-10-17, 10:15:24 > Not found. | [] []
 CRITICAL | 2023-10-17, 10:31:37 > Not found. | [] []
 CRITICAL | 2023-10-17, 10:54:04 > Not found. | [] []
 CRITICAL | 2023-10-17, 11:06:30 > Not found. | [] []
 CRITICAL | 2023-10-17, 13:15:44 > Not found. | [] []
 CRITICAL | 2023-10-17, 11:17:38 > Not found. | [] []
 CRITICAL | 2023-10-17, 11:20:57 > Not found. | [] []
 CRITICAL | 2023-10-17, 11:26:35 > Not found. | [] []
 CRITICAL | 2023-10-17, 11:28:11 > Not found. | [] []
 CRITICAL | 2023-10-17, 13:28:21 > Not found. | [] []
 CRITICAL | 2023-10-17, 13:28:25 > Not found. | [] []
 CRITICAL | 2023-10-17, 13:28:26 > Not found. | [] []
 CRITICAL | 2023-10-17, 11:32:57 > Not found. | [] []
 CRITICAL | 2023-10-17, 11:34:32 > Not found. | [] []
 CRITICAL | 2023-10-17, 11:43:52 > Not found. | [] []
 CRITICAL | 2023-10-17, 11:48:05 > Not found. | [] []
 CRITICAL | 2023-10-17, 11:48:11 > Not found. | [] []
 CRITICAL | 2023-10-17, 11:50:04 > Not found. | [] []
 CRITICAL | 2023-10-17, 11:50:08 > Not found. | [] []
 CRITICAL | 2023-10-17, 11:50:23 > Not found. | [] []
 CRITICAL | 2023-10-17, 11:50:31 > Not found. | [] []
 CRITICAL | 2023-10-17, 11:52:01 > Not found. | [] []
 CRITICAL | 2023-10-17, 12:13:37 > An exception occurred while executing a query: SQLSTATE[23000]: Integrity constraint violation: 1048 Column 'payment_method_id' cannot be null | [] []
 CRITICAL | 2023-10-17, 12:14:30 > An exception occurred while executing a query: SQLSTATE[23000]: Integrity constraint violation: 1048 Column 'payment_method_id' cannot be null | [] []
 CRITICAL | 2023-10-17, 13:34:43 > An exception occurred while executing a query: SQLSTATE[23000]: Integrity constraint violation: 1048 Column 'payment_method_id' cannot be null | [] []
 CRITICAL | 2023-10-17, 13:38:42 > An exception occurred while executing a query: SQLSTATE[23000]: Integrity constraint violation: 1048 Column 'payment_method_id' cannot be null | [] []
 CRITICAL | 2023-10-17, 13:40:38 > An exception occurred while executing a query: SQLSTATE[23000]: Integrity constraint violation: 1048 Column 'payment_method_id' cannot be null | [] []
 CRITICAL | 2023-10-17, 13:56:24 > Not found. | [] []
 CRITICAL | 2023-10-17, 13:56:41 > An exception occurred while executing a query: SQLSTATE[23000]: Integrity constraint violation: 1048 Column 'payment_method_id' cannot be null | [] []
 CRITICAL | 2023-10-17, 14:01:48 > An exception occurred while executing a query: SQLSTATE[23000]: Integrity constraint violation: 1048 Column 'payment_method_id' cannot be null | [] []
 CRITICAL | 2023-10-17, 14:06:45 > An exception occurred while executing a query: SQLSTATE[23000]: Integrity constraint violation: 1048 Column 'payment_method_id' cannot be null | [] []
 CRITICAL | 2023-10-17, 14:12:46 > An exception occurred while executing a query: SQLSTATE[23000]: Integrity constraint violation: 1048 Column 'payment_method_id' cannot be null | [] []
 CRITICAL | 2023-10-17, 14:17:57 > An exception occurred while executing a query: SQLSTATE[23000]: Integrity constraint violation: 1048 Column 'payment_method_id' cannot be null | [] []
 CRITICAL | 2023-10-17, 14:18:44 > Not found. | [] []
 CRITICAL | 2023-10-17, 14:23:09 > An exception occurred while executing a query: SQLSTATE[23000]: Integrity constraint violation: 1048 Column 'payment_method_id' cannot be null | [] []
 CRITICAL | 2023-10-17, 14:32:39 > An exception occurred while executing a query: SQLSTATE[42S02]: Base table or view not found: 1146 Table 'payment_api.payments' doesn't exist | [] []
 CRITICAL | 2023-10-17, 14:33:17 > An exception occurred while executing a query: SQLSTATE[42S22]: Column not found: 1054 Unknown column 'method_id' in 'field list' | [] []
 CRITICAL | 2023-10-17, 14:34:10 > An exception occurred while executing a query: SQLSTATE[HY000]: General error: 1364 Field 'payment_method_name' doesn't have a default value | [] []
 CRITICAL | 2023-10-17, 14:39:06 > An exception occurred while executing a query: SQLSTATE[23000]: Integrity constraint violation: 1048 Column 'payment_method_id' cannot be null | [] []
 CRITICAL | 2023-10-17, 14:53:47 > An exception occurred while executing a query: SQLSTATE[23000]: Integrity constraint violation: 1048 Column 'payment_method_id' cannot be null | [] []
 CRITICAL | 2023-10-17, 14:59:19 > No transaction found | {"type":"/errors/no_transaction_found","title":"List of transaction","status":404,"detail":0,"instance":"/v1/transaction","records":[]} []
 CRITICAL | 2023-10-17, 15:03:51 > An exception occurred while executing a query: SQLSTATE[23000]: Integrity constraint violation: 1048 Column 'payment_method_id' cannot be null | [] []
 CRITICAL | 2023-10-17, 15:06:44 > An exception occurred while executing a query: SQLSTATE[23000]: Integrity constraint violation: 1048 Column 'payment_method_id' cannot be null | [] []
 CRITICAL | 2023-10-17, 15:17:01 > Could not convert PHP value '' to type date. Expected one of the following types: null, DateTime | [] []
 CRITICAL | 2023-10-17, 15:17:28 > Could not convert PHP value '17 Oct 2023' to type date. Expected one of the following types: null, DateTime | [] []
 CRITICAL | 2023-10-17, 15:30:04 > Could not convert PHP value '17 Oct 2023' to type date. Expected one of the following types: null, DateTime | [] []
 CRITICAL | 2023-10-17, 15:34:01 > An exception occurred while executing a query: SQLSTATE[23000]: Integrity constraint violation: 1048 Column 'payment_method_id' cannot be null | [] []
 CRITICAL | 2023-10-17, 15:37:42 > An exception occurred while executing a query: SQLSTATE[23000]: Integrity constraint violation: 1048 Column 'payment_method_id' cannot be null | [] []
 CRITICAL | 2023-10-17, 15:40:45 > An exception occurred while executing a query: SQLSTATE[23000]: Integrity constraint violation: 1048 Column 'payment_method_id' cannot be null | [] []
 CRITICAL | 2023-10-17, 15:44:21 > An exception occurred while executing a query: SQLSTATE[23000]: Integrity constraint violation: 1048 Column 'payment_method_id' cannot be null | [] []
 CRITICAL | 2023-10-18, 07:25:50 > An exception occurred while executing a query: SQLSTATE[23000]: Integrity constraint violation: 1048 Column 'payment_method_id' cannot be null | [] []
 CRITICAL | 2023-10-18, 07:41:54 > An exception occurred while executing a query: SQLSTATE[23000]: Integrity constraint violation: 1048 Column 'payment_method_id' cannot be null | [] []
 CRITICAL | 2023-10-18, 07:45:21 > An exception occurred while executing a query: SQLSTATE[23000]: Integrity constraint violation: 1048 Column 'payment_method_id' cannot be null | [] []
 CRITICAL | 2023-10-18, 07:45:47 > An exception occurred while executing a query: SQLSTATE[23000]: Integrity constraint violation: 1048 Column 'payment_method_id' cannot be null | [] []
 CRITICAL | 2023-10-18, 07:46:17 > An exception occurred while executing a query: SQLSTATE[23000]: Integrity constraint violation: 1048 Column 'payment_method_id' cannot be null | [] []
 CRITICAL | 2023-10-18, 07:46:39 > An exception occurred while executing a query: SQLSTATE[23000]: Integrity constraint violation: 1048 Column 'payment_method_id' cannot be null | [] []
 CRITICAL | 2023-10-18, 07:47:06 > An exception occurred while executing a query: SQLSTATE[23000]: Integrity constraint violation: 1048 Column 'payment_method_id' cannot be null | [] []
 CRITICAL | 2023-10-18, 07:48:20 > An exception occurred while executing a query: SQLSTATE[23000]: Integrity constraint violation: 1048 Column 'payment_method_id' cannot be null | [] []
 CRITICAL | 2023-10-18, 07:50:17 > An exception occurred while executing a query: SQLSTATE[23000]: Integrity constraint violation: 1048 Column 'payment_method_id' cannot be null | [] []
 CRITICAL | 2023-10-18, 07:52:50 > An exception occurred while executing a query: SQLSTATE[23000]: Integrity constraint violation: 1048 Column 'payment_method_id' cannot be null | [] []
 CRITICAL | 2023-10-18, 08:33:59 > An exception occurred while executing a query: SQLSTATE[23000]: Integrity constraint violation: 1048 Column 'payment_method_id' cannot be null | [] []
 CRITICAL | 2023-10-18, 08:37:51 > An exception occurred while executing a query: SQLSTATE[23000]: Integrity constraint violation: 1048 Column 'payment_method_id' cannot be null | [] []
 CRITICAL | 2023-10-18, 08:41:24 > Unrecognized field: PaymentApi\Models\PaymentMethods::$payment_method_name | [] []
 CRITICAL | 2023-10-18, 08:43:19 > Unrecognized field: PaymentApi\Models\PaymentMethods::$payment_method_name | [] []
 CRITICAL | 2023-10-18, 08:55:30 > Unrecognized field: PaymentApi\Models\PaymentMethods::$payment_method_name | [] []
 CRITICAL | 2023-10-18, 08:57:17 > Unrecognized field: PaymentApi\Models\PaymentMethods::$payment_method_name | [] []
 CRITICAL | 2023-10-18, 09:00:59 > Unrecognized field: PaymentApi\Models\PaymentMethods::$payment_method_name | [] []
 CRITICAL | 2023-10-18, 09:11:49 > Unrecognized field: PaymentApi\Models\PaymentMethods::$payment_method_name | [] []
 CRITICAL | 2023-10-18, 10:14:20 > An exception occurred while executing a query: SQLSTATE[23000]: Integrity constraint violation: 1048 Column 'payment_method_id' cannot be null | [] []
 CRITICAL | 2023-10-18, 10:17:33 > An exception occurred while executing a query: SQLSTATE[23000]: Integrity constraint violation: 1048 Column 'payment_method_id' cannot be null | [] []
 CRITICAL | 2023-10-18, 10:18:22 > An exception occurred while executing a query: SQLSTATE[23000]: Integrity constraint violation: 1048 Column 'payment_method_id' cannot be null | [] []
 CRITICAL | 2023-10-18, 10:25:46 > An exception occurred while executing a query: SQLSTATE[23000]: Integrity constraint violation: 1048 Column 'customer_id' cannot be null | [] []
 CRITICAL | 2023-10-18, 10:33:19 > An exception occurred while executing a query: SQLSTATE[23000]: Integrity constraint violation: 1048 Column 'basket_id' cannot be null | [] []
 INFO | 2023-10-18, 10:57:26 > No payment method found | {"type":"/errors/no_payment_method_/_customer_/_basket_found_upon_transaction_create","title":"Payment Method/Customer/Basket not found","status":404,"detail":0,"0":0,"1":"1","instance":"/v1/basket"} []
 INFO | 2023-10-19, 13:24:51 > Access denied! | {"type":"/errors/Unauthorized_!_Please_login_or_register_first.","title":"Unauthorized! Please login or register first.","status":401,"detail":"","instance":"/v1/user/login"} []
 INFO | 2023-10-19, 13:29:57 > Access denied! | {"type":"/errors/Unauthorized_!_Please_login_or_register_first.","title":"Unauthorized! Please login or register first.","status":401,"detail":"","instance":"/v1/user/login"} []
 INFO | 2023-10-19, 13:32:02 > Access denied! | {"type":"/errors/Unauthorized_!_Please_login_or_register_first.","title":"Unauthorized! Please login or register first.","status":401,"detail":"","instance":"/v1/user/login"} []
 INFO | 2023-10-19, 13:40:39 > Access denied! | {"type":"/errors/Unauthorized_!_Please_login_or_register_first.","title":"Unauthorized! Please login or register first.","status":401,"detail":"","instance":"/v1/user/login"} []
 CRITICAL | 2023-10-19, 14:53:02 > An exception occurred while executing a query: SQLSTATE[23000]: Integrity constraint violation: 1048 Column 'jwt' cannot be null | [] []
 INFO | 2023-10-20, 15:42:23 > The name already exists | {"type":"name_already_exists","title":"A payment method with the same name already exists.","status":409,"detail":"","instance":"/v1/payment method"} []
 